android/app/build/intermediates/manifest_merge_blame_file/debug/manifest-merger-blame-debug-report.txt
1<?xml version="1.0" encoding="utf-8"?>
2<manifest xmlns:android="http://schemas.android.com/apk/res/android"
3    package="com.myapp"
4    android:versionCode="1"
5    android:versionName="1.0.0" >
6
7    <uses-sdk
8        android:minSdkVersion="21"
8-->src\main\AndroidManifest.xml
9        android:targetSdkVersion="30" />
9-->src\main\AndroidManifest.xml
10
11    <queries>
11-->src\main\AndroidManifest.xml:3:5-6:15
12        <package android:name="com.myapp.store" />
12-->src\main\AndroidManifest.xml:4:9-51
12-->src\main\AndroidManifest.xml:4:18-48
13        <package android:name="com.myapp.services" />
13-->src\main\AndroidManifest.xml:5:9-54
13-->src\main\AndroidManifest.xml:5:18-51
14
15        <intent>
15-->[:react-native-image-crop-picker] AndroidManifest.xml:10:9-12:18
16            <action android:name="android.media.action.IMAGE_CAPTURE" />
16-->[:react-native-image-crop-picker] AndroidManifest.xml:11:13-73
16-->[:react-native-image-crop-picker] AndroidManifest.xml:11:21-70
17        </intent>
18    </queries>
19
20    <uses-permission android:name="android.permission.INTERNET" />
20-->src\main\AndroidManifest.xml:8:5-67
20-->src\main\AndroidManifest.xml:8:22-64
21    <uses-permission android:name="android.permission.VIBRATE" />
21-->src\main\AndroidManifest.xml:9:5-66
21-->src\main\AndroidManifest.xml:9:22-63
22    <uses-permission android:name="android.permission.RECEIVE_BOOT_COMPLETED" />
22-->src\main\AndroidManifest.xml:10:5-81
22-->src\main\AndroidManifest.xml:10:22-78
23    <uses-permission android:name="android.permission.CAMERA" />
23-->src\main\AndroidManifest.xml:11:5-64
23-->src\main\AndroidManifest.xml:11:22-62
24
25    <uses-feature
25-->src\main\AndroidManifest.xml:12:5-85
26        android:name="android.hardware.camera"
26-->src\main\AndroidManifest.xml:12:19-57
27        android:required="false" />
27-->src\main\AndroidManifest.xml:12:58-82
28    <uses-feature
28-->src\main\AndroidManifest.xml:13:5-91
29        android:name="android.hardware.camera.front"
29-->src\main\AndroidManifest.xml:13:19-63
30        android:required="false" />
30-->src\main\AndroidManifest.xml:13:64-88
31
32    <uses-permission android:name="android.permission.READ_EXTERNAL_STORAGE" />
32-->src\main\AndroidManifest.xml:14:5-80
32-->src\main\AndroidManifest.xml:14:22-77
33    <uses-permission android:name="android.permission.WRITE_EXTERNAL_STORAGE" />
33-->src\main\AndroidManifest.xml:15:5-81
33-->src\main\AndroidManifest.xml:15:22-78
34    <uses-permission android:name="android.permission.DOWNLOAD_WITHOUT_NOTIFICATION" />
34-->src\main\AndroidManifest.xml:16:5-88
34-->src\main\AndroidManifest.xml:16:22-85
35    <uses-permission android:name="android.permission.ACCESS_WIFI_STATE" />
35-->[com.facebook.flipper:flipper:0.99.0] AndroidManifest.xml:16:5-76
35-->[com.facebook.flipper:flipper:0.99.0] AndroidManifest.xml:16:22-73
36    <uses-permission android:name="android.permission.ACCESS_NETWORK_STATE" /> <!-- Permission will be merged into the manifest of the hosting app. -->
36-->[:react-native-community_netinfo] AndroidManifest.xml:9:5-79
36-->[:react-native-community_netinfo] AndroidManifest.xml:9:22-76
37    <!-- Is required to launch foreground extraction service for targetSdkVersion 28+. -->
38    <uses-permission android:name="android.permission.FOREGROUND_SERVICE" />
38-->[com.google.android.play:core:1.9.0] AndroidManifest.xml:8:3-74
38-->[com.google.android.play:core:1.9.0] AndroidManifest.xml:8:20-72
39
40    <application
40-->src\main\AndroidManifest.xml:17:5-49:19
41        android:name="com.myapp.MainApplication"
41-->src\main\AndroidManifest.xml:18:7-38
42        android:allowBackup="false"
42-->src\main\AndroidManifest.xml:21:7-34
43        android:appComponentFactory="androidx.core.app.CoreComponentFactory"
43-->[androidx.core:core:1.6.0] AndroidManifest.xml:24:18-86
44        android:debuggable="true"
45        android:icon="@mipmap/ic_launcher"
45-->src\main\AndroidManifest.xml:20:7-41
46        android:label="@string/app_name"
46-->src\main\AndroidManifest.xml:19:7-39
47        android:largeHeap="true"
47-->src\main\AndroidManifest.xml:24:7-31
48        android:networkSecurityConfig="@xml/network_security_config"
48-->src\main\AndroidManifest.xml:25:7-67
49        android:supportsRtl="true"
49-->src\main\AndroidManifest.xml:23:7-33
50        android:theme="@style/AppTheme"
50-->src\main\AndroidManifest.xml:26:7-38
51        android:usesCleartextTraffic="true" >
51-->src\main\AndroidManifest.xml:22:7-42
52        <activity
52-->src\main\AndroidManifest.xml:27:9-35:20
53            android:name="com.myapp.SplashActivity"
53-->src\main\AndroidManifest.xml:28:13-43
54            android:configChanges="uiMode"
54-->src\main\AndroidManifest.xml:30:13-43
55            android:theme="@style/SplashTheme" >
55-->src\main\AndroidManifest.xml:29:13-47
56            <intent-filter>
56-->src\main\AndroidManifest.xml:31:13-34:29
57                <action android:name="android.intent.action.MAIN" />
57-->src\main\AndroidManifest.xml:32:17-69
57-->src\main\AndroidManifest.xml:32:25-66
58
59                <category android:name="android.intent.category.LAUNCHER" />
59-->src\main\AndroidManifest.xml:33:17-77
59-->src\main\AndroidManifest.xml:33:27-74
60            </intent-filter>
61        </activity>
62        <activity
62-->src\main\AndroidManifest.xml:36:7-47:18
63            android:name="com.myapp.MainActivity"
63-->src\main\AndroidManifest.xml:37:9-37
64            android:configChanges="keyboard|keyboardHidden|orientation|screenSize|uiMode"
64-->src\main\AndroidManifest.xml:39:9-86
65            android:exported="true"
65-->src\main\AndroidManifest.xml:41:9-32
66            android:label="@string/app_name"
66-->src\main\AndroidManifest.xml:38:9-41
67            android:launchMode="singleTask"
67-->src\main\AndroidManifest.xml:40:9-40
68            android:windowSoftInputMode="adjustResize" >
68-->src\main\AndroidManifest.xml:42:9-51
69            <intent-filter>
69-->src\main\AndroidManifest.xml:31:13-34:29
70                <action android:name="android.intent.action.MAIN" />
70-->src\main\AndroidManifest.xml:32:17-69
70-->src\main\AndroidManifest.xml:32:25-66
71
72                <category android:name="android.intent.category.LAUNCHER" />
72-->src\main\AndroidManifest.xml:33:17-77
72-->src\main\AndroidManifest.xml:33:27-74
73            </intent-filter>
74        </activity>
75        <activity
75-->src\main\AndroidManifest.xml:48:7-84
76            android:name="com.facebook.react.devsupport.DevSettingsActivity"
76-->src\main\AndroidManifest.xml:48:17-81
77            android:exported="false" />
77-->[:react-native-navigation] AndroidManifest.xml:12:13-37
78
79        <provider
79-->[:react-native-image-crop-picker] AndroidManifest.xml:18:9-26:20
80            android:name="androidx.core.content.FileProvider"
80-->[:react-native-image-crop-picker] AndroidManifest.xml:19:13-62
81            android:authorities="com.myapp.provider"
81-->[:react-native-image-crop-picker] AndroidManifest.xml:20:13-60
82            android:exported="false"
82-->[:react-native-image-crop-picker] AndroidManifest.xml:21:13-37
83            android:grantUriPermissions="true" >
83-->[:react-native-image-crop-picker] AndroidManifest.xml:22:13-47
84            <meta-data
84-->[:react-native-image-crop-picker] AndroidManifest.xml:23:13-25:58
85                android:name="android.support.FILE_PROVIDER_PATHS"
85-->[:react-native-image-crop-picker] AndroidManifest.xml:24:17-67
86                android:resource="@xml/provider_paths" />
86-->[:react-native-image-crop-picker] AndroidManifest.xml:25:17-55
87        </provider>
88
89        <activity
89-->[:react-native-image-crop-picker] AndroidManifest.xml:28:9-30:72
90            android:name="com.yalantis.ucrop.UCropActivity"
90-->[:react-native-image-crop-picker] AndroidManifest.xml:29:13-60
91            android:theme="@style/Theme.AppCompat.Light.NoActionBar" />
91-->[:react-native-image-crop-picker] AndroidManifest.xml:30:13-69
92
93        <provider
93-->[:react-native-share] AndroidManifest.xml:10:9-18:20
94            android:name="cl.json.RNShareFileProvider"
94-->[:react-native-share] AndroidManifest.xml:11:13-55
95            android:authorities="com.myapp.rnshare.fileprovider"
95-->[:react-native-share] AndroidManifest.xml:12:13-72
96            android:exported="false"
96-->[:react-native-share] AndroidManifest.xml:13:13-37
97            android:grantUriPermissions="true" >
97-->[:react-native-share] AndroidManifest.xml:14:13-47
98            <meta-data
98-->[:react-native-image-crop-picker] AndroidManifest.xml:23:13-25:58
99                android:name="android.support.FILE_PROVIDER_PATHS"
99-->[:react-native-image-crop-picker] AndroidManifest.xml:24:17-67
100                android:resource="@xml/share_download_paths" />
100-->[:react-native-image-crop-picker] AndroidManifest.xml:25:17-55
101        </provider>
102
103        <meta-data
103-->[com.github.bumptech.glide:okhttp3-integration:4.12.0] AndroidManifest.xml:11:9-13:43
104            android:name="com.bumptech.glide.integration.okhttp3.OkHttpGlideModule"
104-->[com.github.bumptech.glide:okhttp3-integration:4.12.0] AndroidManifest.xml:12:13-84
105            android:value="GlideModule" />
105-->[com.github.bumptech.glide:okhttp3-integration:4.12.0] AndroidManifest.xml:13:13-40
106
107        <activity
107-->[com.google.android.gms:play-services-base:17.5.0] AndroidManifest.xml:23:9-26:75
108            android:name="com.google.android.gms.common.api.GoogleApiActivity"
108-->[com.google.android.gms:play-services-base:17.5.0] AndroidManifest.xml:24:13-79
109            android:exported="false"
109-->[com.google.android.gms:play-services-base:17.5.0] AndroidManifest.xml:25:13-37
110            android:theme="@android:style/Theme.Translucent.NoTitleBar" />
110-->[com.google.android.gms:play-services-base:17.5.0] AndroidManifest.xml:26:13-72
111
112        <meta-data
112-->[com.google.android.gms:play-services-basement:17.5.0] AndroidManifest.xml:23:9-25:69
113            android:name="com.google.android.gms.version"
113-->[com.google.android.gms:play-services-basement:17.5.0] AndroidManifest.xml:24:13-58
114            android:value="@integer/google_play_services_version" /> <!-- The activities will be merged into the manifest of the hosting app. -->
114-->[com.google.android.gms:play-services-basement:17.5.0] AndroidManifest.xml:25:13-66
115        <activity
115-->[com.google.android.play:core:1.9.0] AndroidManifest.xml:12:5-271
116            android:name="com.google.android.play.core.missingsplits.PlayCoreMissingSplitsActivity"
116-->[com.google.android.play:core:1.9.0] AndroidManifest.xml:12:15-102
117            android:enabled="false"
117-->[com.google.android.play:core:1.9.0] AndroidManifest.xml:12:103-126
118            android:exported="false"
118-->[com.google.android.play:core:1.9.0] AndroidManifest.xml:12:127-151
119            android:launchMode="singleInstance"
119-->[com.google.android.play:core:1.9.0] AndroidManifest.xml:12:204-239
120            android:process=":playcore_missing_splits_activity"
120-->[com.google.android.play:core:1.9.0] AndroidManifest.xml:12:152-203
121            android:stateNotNeeded="true" />
121-->[com.google.android.play:core:1.9.0] AndroidManifest.xml:12:240-269
122        <activity
122-->[com.google.android.play:core:1.9.0] AndroidManifest.xml:13:5-226
123            android:name="com.google.android.play.core.common.PlayCoreDialogWrapperActivity"
123-->[com.google.android.play:core:1.9.0] AndroidManifest.xml:13:15-95
124            android:enabled="false"
124-->[com.google.android.play:core:1.9.0] AndroidManifest.xml:13:96-119
125            android:exported="false"
125-->[com.google.android.play:core:1.9.0] AndroidManifest.xml:13:120-144
126            android:stateNotNeeded="true"
126-->[com.google.android.play:core:1.9.0] AndroidManifest.xml:13:145-174
127            android:theme="@style/Theme.PlayCore.Transparent" /> <!-- The service will be merged into the manifest of the hosting app. -->
127-->[com.google.android.play:core:1.9.0] AndroidManifest.xml:13:175-224
128        <service
128-->[com.google.android.play:core:1.9.0] AndroidManifest.xml:16:5-145
129            android:name="com.google.android.play.core.assetpacks.AssetPackExtractionService"
129-->[com.google.android.play:core:1.9.0] AndroidManifest.xml:16:14-95
130            android:enabled="false"
130-->[com.google.android.play:core:1.9.0] AndroidManifest.xml:16:96-119
131            android:exported="true" />
131-->[com.google.android.play:core:1.9.0] AndroidManifest.xml:16:120-143
132    </application>
133
134</manifest>